[0m[1mdata.template_file.config_server.0: Refreshing state...[0m
[0m[1mdata.template_file.config_nomad_startup_agent: Refreshing state...[0m
[0m[1mdata.template_file.config_server.2: Refreshing state...[0m
[0m[1mdata.template_file.config_consul_client: Refreshing state...[0m
[0m[1mdata.template_file.config_nomad_startup_server: Refreshing state...[0m
[0m[1mdata.template_file.config_server.1: Refreshing state...[0m
[0m[1mdata.template_file.config_server.1: Refreshing state...[0m
[0m[1mdata.template_file.config_server.0: Refreshing state...[0m
[0m[1mdata.template_file.config_server.2: Refreshing state...[0m
[0m[1mdata.template_file.agent.0: Refreshing state...[0m
[0m[1mdata.template_file.agent.1: Refreshing state...[0m
[0m[1mdata.template_file.server: Refreshing state...[0m
[0m[1mdata.template_file.server.0: Refreshing state...[0m
[0m[1mdata.template_file.agent.0: Refreshing state...[0m
[0m[1mdata.template_file.agent.1: Refreshing state...[0m
[0m[1mdata.template_file.server.2: Refreshing state...[0m
[0m[1mdata.template_file.server.0: Refreshing state...[0m
[0m[1mdata.template_file.server.1: Refreshing state...[0m
[0m[1mdata.template_file.server.1: Refreshing state...[0m
[0m[1mdata.template_file.server.2: Refreshing state...[0m
[0m[1maws_vpc.default: Refreshing state... (ID: vpc-e1f2e885)[0m
[0m[1mdata.aws_availability_zones.available: Refreshing state...[0m
[0m[1maws_key_pair.consul: Refreshing state... (ID: nomad_consul-consul)[0m
[0m[1maws_iam_policy.consul-join: Refreshing state... (ID: arn:aws:i...sul-join)[0m
[0m[1maws_iam_role.consul-join: Refreshing state... (ID: nomad_con...sul-join)[0m
[0m[1mdata.aws_ami.ubuntu-1404: Refreshing state...[0m
[0m[1maws_iam_policy.consul-join: Refreshing state... (ID: arn:aws:i...sul-join)[0m
[0m[1maws_key_pair.nomad: Refreshing state... (ID: nomad_consul-nomad)[0m
[0m[1maws_iam_role.consul-join: Refreshing state... (ID: nomad_con...sul-join)[0m
[0m[1mdata.aws_ami.ubuntu-1404: Refreshing state...[0m
[0m[1maws_iam_instance_profile.consul-join: Refreshing state... (ID: nomad_con...sul-join)[0m
[0m[1maws_iam_instance_profile.consul-join: Refreshing state... (ID: nomad_con...sul-join)[0m
[0m[1maws_iam_policy_attachment.consul-join: Refreshing state... (ID: nomad_con...sul-join)[0m
[0m[1maws_iam_policy_attachment.consul-join: Refreshing state... (ID: nomad_con...sul-join)[0m
[0m[1maws_subnet.default.1: Refreshing state... (ID: subnet-901bf8d9)[0m
[0m[1maws_subnet.default.0: Refreshing state... (ID: subnet-142fcf73)[0m
[0m[1maws_security_group.default: Refreshing state... (ID: sg-d18c28a8)[0m
[0m[1maws_internet_gateway.default: Refreshing state... (ID: igw-79c2491d)[0m
[0m[1maws_route.internet_access: Refreshing state... (ID: r-rtb-fdb...80289494)[0m
[0m[1mmodule.consul.aws_instance.server.2: Creating...[0m
  ami:                             "" => "ami-2e1a2548"
  associate_public_ip_address:     "" => "<computed>"
  availability_zone:               "" => "<computed>"
  ebs_block_device.#:              "" => "<computed>"
  ephemeral_block_device.#:        "" => "<computed>"
  iam_instance_profile:            "" => "nomad_consul-consul-join"
  instance_state:                  "" => "<computed>"
  instance_type:                   "" => "t2.micro"
  ipv6_addresses.#:                "" => "<computed>"
  key_name:                        "" => "nomad_consul-consul"
  network_interface_id:            "" => "<computed>"
  placement_group:                 "" => "<computed>"
  private_dns:                     "" => "<computed>"
  private_ip:                      "" => "<computed>"
  public_dns:                      "" => "<computed>"
  public_ip:                       "" => "<computed>"
  root_block_device.#:             "" => "<computed>"
  security_groups.#:               "" => "<computed>"
  source_dest_check:               "" => "true"
  subnet_id:                       "" => "<computed>"
  tags.%:                          "" => "2"
  tags.Name:                       "" => "nomad_consul-server-2"
  tags.nomad_consul:               "" => "default"
  tenancy:                         "" => "<computed>"
  user_data:                       "" => "ebbe661dd01d8b3fc4477c8f5132339eff9b3931"
  vpc_security_group_ids.#:        "" => "1"
  vpc_security_group_ids.74584419: "" => "sg-d18c28a8"[0m
[0m[1mmodule.consul.aws_instance.server.1: Creating...[0m
  ami:                             "" => "ami-2e1a2548"
  associate_public_ip_address:     "" => "<computed>"
  availability_zone:               "" => "<computed>"
  ebs_block_device.#:              "" => "<computed>"
  ephemeral_block_device.#:        "" => "<computed>"
  iam_instance_profile:            "" => "nomad_consul-consul-join"
  instance_state:                  "" => "<computed>"
  instance_type:                   "" => "t2.micro"
  ipv6_addresses.#:                "" => "<computed>"
  key_name:                        "" => "nomad_consul-consul"
  network_interface_id:            "" => "<computed>"
  placement_group:                 "" => "<computed>"
  private_dns:                     "" => "<computed>"
  private_ip:                      "" => "<computed>"
  public_dns:                      "" => "<computed>"
  public_ip:                       "" => "<computed>"
  root_block_device.#:             "" => "<computed>"
  security_groups.#:               "" => "<computed>"
  source_dest_check:               "" => "true"
  subnet_id:                       "" => "<computed>"
  tags.%:                          "" => "2"
  tags.Name:                       "" => "nomad_consul-server-1"
  tags.nomad_consul:               "" => "default"
  tenancy:                         "" => "<computed>"
  user_data:                       "" => "ebbe661dd01d8b3fc4477c8f5132339eff9b3931"
  vpc_security_group_ids.#:        "" => "1"
  vpc_security_group_ids.74584419: "" => "sg-d18c28a8"[0m
[0m[1mmodule.consul.aws_instance.server.0: Creating...[0m
  ami:                             "" => "ami-2e1a2548"
  associate_public_ip_address:     "" => "<computed>"
  availability_zone:               "" => "<computed>"
  ebs_block_device.#:              "" => "<computed>"
  ephemeral_block_device.#:        "" => "<computed>"
  iam_instance_profile:            "" => "nomad_consul-consul-join"
  instance_state:                  "" => "<computed>"
  instance_type:                   "" => "t2.micro"
  ipv6_addresses.#:                "" => "<computed>"
  key_name:                        "" => "nomad_consul-consul"
  network_interface_id:            "" => "<computed>"
  placement_group:                 "" => "<computed>"
  private_dns:                     "" => "<computed>"
  private_ip:                      "" => "<computed>"
  public_dns:                      "" => "<computed>"
  public_ip:                       "" => "<computed>"
  root_block_device.#:             "" => "<computed>"
  security_groups.#:               "" => "<computed>"
  source_dest_check:               "" => "true"
  subnet_id:                       "" => "<computed>"
  tags.%:                          "" => "2"
  tags.Name:                       "" => "nomad_consul-server-0"
  tags.nomad_consul:               "" => "default"
  tenancy:                         "" => "<computed>"
  user_data:                       "" => "ebbe661dd01d8b3fc4477c8f5132339eff9b3931"
  vpc_security_group_ids.#:        "" => "1"
  vpc_security_group_ids.74584419: "" => "sg-d18c28a8"[0m
[0m[1mmodule.nomad.aws_instance.agent.1: Creating...[0m
  ami:                             "" => "ami-2e1a2548"
  associate_public_ip_address:     "" => "<computed>"
  availability_zone:               "" => "<computed>"
  ebs_block_device.#:              "" => "<computed>"
  ephemeral_block_device.#:        "" => "<computed>"
  iam_instance_profile:            "" => "nomad_consul-nomad-consul-join"
  instance_state:                  "" => "<computed>"
  instance_type:                   "" => "t2.micro"
  ipv6_addresses.#:                "" => "<computed>"
  key_name:                        "" => "nomad_consul-nomad"
  network_interface_id:            "" => "<computed>"
  placement_group:                 "" => "<computed>"
  private_dns:                     "" => "<computed>"
  private_ip:                      "" => "<computed>"
  public_dns:                      "" => "<computed>"
  public_ip:                       "" => "<computed>"
  root_block_device.#:             "" => "<computed>"
  security_groups.#:               "" => "<computed>"
  source_dest_check:               "" => "true"
  subnet_id:                       "" => "<computed>"
  tags.%:                          "" => "1"
  tags.Name:                       "" => "nomad_consul-nomad-agent-1"
  tenancy:                         "" => "<computed>"
  user_data:                       "" => "ff7f53f6800dd509e808ef41d4e43871790e91ca"
  vpc_security_group_ids.#:        "" => "1"
  vpc_security_group_ids.74584419: "" => "sg-d18c28a8"[0m
[0m[1mmodule.nomad.aws_instance.server: Creating...[0m
  ami:                             "" => "ami-2e1a2548"
  associate_public_ip_address:     "" => "<computed>"
  availability_zone:               "" => "<computed>"
  ebs_block_device.#:              "" => "<computed>"
  ephemeral_block_device.#:        "" => "<computed>"
  iam_instance_profile:            "" => "nomad_consul-nomad-consul-join"
  instance_state:                  "" => "<computed>"
  instance_type:                   "" => "t2.micro"
  ipv6_addresses.#:                "" => "<computed>"
  key_name:                        "" => "nomad_consul-nomad"
  network_interface_id:            "" => "<computed>"
  placement_group:                 "" => "<computed>"
  private_dns:                     "" => "<computed>"
  private_ip:                      "" => "<computed>"
  public_dns:                      "" => "<computed>"
  public_ip:                       "" => "<computed>"
  root_block_device.#:             "" => "<computed>"
  security_groups.#:               "" => "<computed>"
  source_dest_check:               "" => "true"
  subnet_id:                       "" => "<computed>"
  tags.%:                          "" => "1"
  tags.Name:                       "" => "nomad_consul-nomad-server-0"
  tenancy:                         "" => "<computed>"
  user_data:                       "" => "605d054fa10de3dd0d8bd09d24477f089a0a73cb"
  vpc_security_group_ids.#:        "" => "1"
  vpc_security_group_ids.74584419: "" => "sg-d18c28a8"[0m
[0m[1mmodule.nomad.aws_instance.agent.0: Creating...[0m
  ami:                             "" => "ami-2e1a2548"
  associate_public_ip_address:     "" => "<computed>"
  availability_zone:               "" => "<computed>"
  ebs_block_device.#:              "" => "<computed>"
  ephemeral_block_device.#:        "" => "<computed>"
  iam_instance_profile:            "" => "nomad_consul-nomad-consul-join"
  instance_state:                  "" => "<computed>"
  instance_type:                   "" => "t2.micro"
  ipv6_addresses.#:                "" => "<computed>"
  key_name:                        "" => "nomad_consul-nomad"
  network_interface_id:            "" => "<computed>"
  placement_group:                 "" => "<computed>"
  private_dns:                     "" => "<computed>"
  private_ip:                      "" => "<computed>"
  public_dns:                      "" => "<computed>"
  public_ip:                       "" => "<computed>"
  root_block_device.#:             "" => "<computed>"
  security_groups.#:               "" => "<computed>"
  source_dest_check:               "" => "true"
  subnet_id:                       "" => "<computed>"
  tags.%:                          "" => "1"
  tags.Name:                       "" => "nomad_consul-nomad-agent-0"
  tenancy:                         "" => "<computed>"
  user_data:                       "" => "ff7f53f6800dd509e808ef41d4e43871790e91ca"
  vpc_security_group_ids.#:        "" => "1"
  vpc_security_group_ids.74584419: "" => "sg-d18c28a8"[0m
